<?xml version="1.0" encoding="UTF-8"?>
<!-- Generated by org.testng.reporters.JUnitXMLReporter -->
<testsuite ignored="0" hostname="suman" failures="0" tests="8" name="CarLoan" time="0.12" errors="0" timestamp="2026-01-08T15:09:25 IST">
  <testcase classname="testngtutorial.day1" name="Demo" time="0.015"/>
  <testcase classname="testngtutorial.day1" name="SecondTest" time="0.002"/>
  <testcase classname="testngtutorial.day2" name="LoginAPIcarloan" time="0.003"/>
  <testcase classname="testngtutorial.day2" name="MobileLoginCarLoan" time="0.002"/>
  <testcase classname="testngtutorial.day2" name="WebLogincarloan" time="0.002"/>
  <testcase classname="testngtutorial.day3" name="LoginAPIHomeloan" time="0.002"/>
  <testcase classname="testngtutorial.day3" name="MobileLoginHomeLoan" time="0.002"/>
  <testcase classname="testngtutorial.day3" name="WebLoginHomeloan" time="0.001"/>
</testsuite> <!-- CarLoan -->
