<?xml version="1.0" encoding="UTF-8"?>
<!-- Generated by org.testng.reporters.JUnitReportReporter -->
<testsuite hostname="suman" failures="0" tests="3" name="testngtutorial.day3" time="0.029" errors="0" timestamp="2026-01-10T14:03:52 IST" skipped="0">
  <testcase classname="testngtutorial.day3" name="WebLoginHomeloan" time="0.008"/>
  <testcase classname="testngtutorial.day3" name="MobileLoginHomeLoan" time="0.010"/>
  <testcase classname="testngtutorial.day3" name="LoginAPIHomeloan" time="0.011"/>
</testsuite> <!-- testngtutorial.day3 -->
