<?xml version="1.0" encoding="UTF-8"?>
<!-- Generated by org.testng.reporters.JUnitXMLReporter -->
<testsuite ignored="0" hostname="suman" failures="0" tests="3" name="HomeLoan" time="0.017" errors="0" timestamp="2026-01-08T15:23:28 IST">
  <testcase classname="testngtutorial.day3" name="LoginAPIHomeloan" time="0.002"/>
  <testcase classname="testngtutorial.day3" name="MobileLoginHomeLoan" time="0.003"/>
  <testcase classname="testngtutorial.day3" name="WebLoginHomeloan" time="0.003"/>
</testsuite> <!-- HomeLoan -->
