<?xml version="1.0" encoding="UTF-8"?>
<testng-results ignored="0" total="2" passed="2" failed="0" skipped="0">
  <reporter-output>
  </reporter-output>
  <suite started-at="2026-01-12T16:40:00 IST" name="Default suite" finished-at="2026-01-12T16:40:00 IST" duration-ms="68">
    <groups>
    </groups>
    <test started-at="2026-01-12T16:40:00 IST" name="Default test" finished-at="2026-01-12T16:40:00 IST" duration-ms="68">
      <class name="testngtutorial.PS1">
        <test-method is-config="true" signature="BeforeRun()[pri:0, instance:testngtutorial.PS1@2ef3eef9]" started-at="2026-01-12T16:40:00 IST" name="BeforeRun" finished-at="2026-01-12T16:40:00 IST" duration-ms="11" status="PASS">
          <reporter-output>
          </reporter-output>
        </test-method> <!-- BeforeRun -->
        <test-method signature="doThat()[pri:0, instance:testngtutorial.PS1@2ef3eef9]" started-at="2026-01-12T16:40:00 IST" name="doThat" finished-at="2026-01-12T16:40:00 IST" duration-ms="7" status="PASS">
          <reporter-output>
          </reporter-output>
        </test-method> <!-- doThat -->
        <test-method is-config="true" signature="AfterRun()[pri:0, instance:testngtutorial.PS1@2ef3eef9]" started-at="2026-01-12T16:40:00 IST" name="AfterRun" finished-at="2026-01-12T16:40:00 IST" duration-ms="1" status="PASS">
          <reporter-output>
          </reporter-output>
        </test-method> <!-- AfterRun -->
        <test-method signature="testRun()[pri:0, instance:testngtutorial.PS1@2ef3eef9]" started-at="2026-01-12T16:40:00 IST" name="testRun" finished-at="2026-01-12T16:40:00 IST" duration-ms="3" status="PASS">
          <reporter-output>
          </reporter-output>
        </test-method> <!-- testRun -->
        <test-method is-config="true" signature="BeforeRun()[pri:0, instance:testngtutorial.PS1@2ef3eef9]" started-at="2026-01-12T16:40:00 IST" name="BeforeRun" finished-at="2026-01-12T16:40:00 IST" duration-ms="0" status="PASS">
          <reporter-output>
          </reporter-output>
        </test-method> <!-- BeforeRun -->
        <test-method is-config="true" signature="AfterRun()[pri:0, instance:testngtutorial.PS1@2ef3eef9]" started-at="2026-01-12T16:40:00 IST" name="AfterRun" finished-at="2026-01-12T16:40:00 IST" duration-ms="2" status="PASS">
          <reporter-output>
          </reporter-output>
        </test-method> <!-- AfterRun -->
      </class> <!-- testngtutorial.PS1 -->
    </test> <!-- Default test -->
  </suite> <!-- Default suite -->
</testng-results>
