<?xml version="1.0" encoding="UTF-8"?>
<!-- Generated by org.testng.reporters.JUnitXMLReporter -->
<testsuite ignored="0" hostname="suman" failures="0" tests="3" name="HomeLoan" time="0.1" errors="0" timestamp="2026-01-10T14:03:52 IST">
  <testcase classname="testngtutorial.day3" name="LoginAPIHomeloan" time="0.01"/>
  <testcase classname="testngtutorial.day3" name="MobileLoginHomeLoan" time="0.009"/>
  <testcase classname="testngtutorial.day3" name="WebLoginHomeloan" time="0.004"/>
</testsuite> <!-- HomeLoan -->
