<?xml version="1.0" encoding="UTF-8"?>
<!-- Generated by org.testng.reporters.JUnitXMLReporter -->
<testsuite ignored="0" hostname="suman" failures="1" tests="5" name="Test" time="0.115" errors="0" timestamp="2026-01-10T14:03:52 IST">
  <testcase classname="testngtutorial.day1" name="SecondTest" time="0.017">
    <failure type="java.lang.AssertionError" message="expected [true] but found [false]">
      <![CDATA[java.lang.AssertionError: expected [true] but found [false]
at testngtutorial.day1.SecondTest(day1.java:36)
at java.base/java.util.concurrent.Executors$RunnableAdapter.call(Executors.java:545)
at java.base/java.util.concurrent.FutureTask.run(FutureTask.java:328)
at java.base/java.util.concurrent.ThreadPoolExecutor.runWorker(ThreadPoolExecutor.java:1090)
at java.base/java.util.concurrent.ThreadPoolExecutor$Worker.run(ThreadPoolExecutor.java:614)
at java.base/java.lang.Thread.run(Thread.java:1474)
... Removed 15 stack frames]]>
    </failure>
  </testcase> <!-- SecondTest -->
  <testcase classname="testngtutorial.day1" name="thirstest" time="0.01"/>
  <testcase classname="testngtutorial.day1" name="unpwd" time="0.002"/>
  <testcase classname="testngtutorial.day1" name="unpwd" time="0.004"/>
  <testcase classname="testngtutorial.day1" name="unpwd" time="0.003"/>
</testsuite> <!-- Test -->
